[0.017s] Invoking command in '/home/kevin/Documents/Thrust_Control/plot_ws/build/thrust_msgs': CMAKE_PREFIX_PATH=${CMAKE_PREFIX_PATH}:/home/kevin/Documents/Thrust_Control/plot_ws/install/thrust_plot:/opt/ros/galactic /usr/bin/cmake --build /home/kevin/Documents/Thrust_Control/plot_ws/build/thrust_msgs -- -j8 -l8
[0.046s] -- Found ament_cmake: 1.1.5 (/opt/ros/galactic/share/ament_cmake/cmake)
[0.074s] -- Found PythonInterp: /usr/bin/python3 (found suitable version "3.8.10", minimum required is "3") 
[0.074s] -- Using PYTHON_EXECUTABLE: /usr/bin/python3
[0.136s] -- Override CMake install command with custom implementation using symlinks instead of copying resources
[0.144s] -- Found ament_lint_auto: 0.10.7 (/opt/ros/galactic/share/ament_lint_auto/cmake)
[0.206s] -- Found rosidl_default_generators: 1.1.1 (/opt/ros/galactic/share/rosidl_default_generators/cmake)
[0.208s] -- Using all available rosidl_typesupport_c: rosidl_typesupport_fastrtps_c;rosidl_typesupport_introspection_c
[0.211s] -- Found rosidl_adapter: 2.2.2 (/opt/ros/galactic/share/rosidl_adapter/cmake)
[0.342s] -- Using all available rosidl_typesupport_cpp: rosidl_typesupport_fastrtps_cpp;rosidl_typesupport_introspection_cpp
[0.365s] -- Found std_msgs: 2.2.4 (/opt/ros/galactic/share/std_msgs/cmake)
[0.422s] -- Found PythonInterp: /usr/bin/python3 (found version "3.8.10") 
[0.630s] CMake Error at /opt/ros/galactic/share/rosidl_adapter/cmake/rosidl_adapt_interfaces.cmake:60 (message):
[0.630s]   execute_process(/usr/bin/python3 -m rosidl_adapter --package-name
[0.630s]   thrust_msgs --arguments-file
[0.630s]   /home/kevin/Documents/Thrust_Control/plot_ws/build/thrust_msgs/rosidl_adapter__arguments__thrust_msgs.json
[0.630s]   --output-dir
[0.630s]   /home/kevin/Documents/Thrust_Control/plot_ws/build/thrust_msgs/rosidl_adapter/thrust_msgs
[0.630s]   --output-file
[0.631s]   /home/kevin/Documents/Thrust_Control/plot_ws/build/thrust_msgs/rosidl_adapter/thrust_msgs.idls)
[0.631s]   returned error code 1:
[0.631s] 
[0.631s]   Error processing 'float64 Kp' of 'thrust_msgs/Thrust': ''Kp' is an invalid
[0.631s]   field name.  It should have the pattern
[0.631s]   '^(?!.*__)(?!.*_$)[a-z][a-z0-9_]*$''
[0.631s] 
[0.631s]   Traceback (most recent call last):
[0.631s] 
[0.631s]     File "/usr/lib/python3.8/runpy.py", line 194, in _run_module_as_main
[0.631s]       return _run_code(code, main_globals, None,
[0.632s]     File "/usr/lib/python3.8/runpy.py", line 87, in _run_code
[0.632s]       exec(code, run_globals)
[0.632s]     File "/opt/ros/galactic/lib/python3.8/site-packages/rosidl_adapter/__main__.py", line 19, in <module>
[0.632s]       sys.exit(main())
[0.632s]     File "/opt/ros/galactic/lib/python3.8/site-packages/rosidl_adapter/main.py", line 53, in main
[0.632s]       abs_idl_file = convert_to_idl(
[0.632s]     File "/opt/ros/galactic/lib/python3.8/site-packages/rosidl_adapter/__init__.py", line 19, in convert_to_idl
[0.632s]       return convert_msg_to_idl(
[0.632s]     File "/opt/ros/galactic/lib/python3.8/site-packages/rosidl_adapter/msg/__init__.py", line 28, in convert_msg_to_idl
[0.632s]       msg = parse_message_string(package_name, input_file.stem, content)
[0.633s]     File "/opt/ros/galactic/lib/python3.8/site-packages/rosidl_adapter/parser.py", line 515, in parse_message_string
[0.633s]       fields.append(Field(
[0.633s]     File "/opt/ros/galactic/lib/python3.8/site-packages/rosidl_adapter/parser.py", line 353, in __init__
[0.633s]       raise NameError(
[0.633s] 
[0.633s]   NameError: 'Kp' is an invalid field name.  It should have the pattern
[0.633s]   '^(?!.*__)(?!.*_$)[a-z][a-z0-9_]*$'
[0.634s] 
[0.634s] Call Stack (most recent call first):
[0.634s]   /opt/ros/galactic/share/rosidl_cmake/cmake/rosidl_generate_interfaces.cmake:130 (rosidl_adapt_interfaces)
[0.634s]   CMakeLists.txt:28 (rosidl_generate_interfaces)
[0.634s] 
[0.634s] 
[0.634s] -- Configuring incomplete, errors occurred!
[0.634s] See also "/home/kevin/Documents/Thrust_Control/plot_ws/build/thrust_msgs/CMakeFiles/CMakeOutput.log".
[0.640s] make: *** [Makefile:748: cmake_check_build_system] Error 1
[0.642s] Invoked command in '/home/kevin/Documents/Thrust_Control/plot_ws/build/thrust_msgs' returned '2': CMAKE_PREFIX_PATH=${CMAKE_PREFIX_PATH}:/home/kevin/Documents/Thrust_Control/plot_ws/install/thrust_plot:/opt/ros/galactic /usr/bin/cmake --build /home/kevin/Documents/Thrust_Control/plot_ws/build/thrust_msgs -- -j8 -l8
