[0.025s] Invoking command in '/home/kevin/Documents/Thrust_Control/plot_ws/build/thrust_msgs': CMAKE_PREFIX_PATH=${CMAKE_PREFIX_PATH}:/home/kevin/Documents/Thrust_Control/plot_ws/install/thrust_plot:/opt/ros/galactic /usr/bin/cmake --build /home/kevin/Documents/Thrust_Control/plot_ws/build/thrust_msgs -- -j8 -l8
[0.105s] -- Found ament_cmake: 1.1.5 (/opt/ros/galactic/share/ament_cmake/cmake)
[0.146s] -- Found PythonInterp: /usr/bin/python3 (found suitable version "3.8.10", minimum required is "3") 
[0.146s] -- Using PYTHON_EXECUTABLE: /usr/bin/python3
[0.219s] -- Override CMake install command with custom implementation using symlinks instead of copying resources
[0.238s] -- Found ament_lint_auto: 0.10.7 (/opt/ros/galactic/share/ament_lint_auto/cmake)
[0.318s] -- Found rosidl_default_generators: 1.1.1 (/opt/ros/galactic/share/rosidl_default_generators/cmake)
[0.321s] -- Using all available rosidl_typesupport_c: rosidl_typesupport_fastrtps_c;rosidl_typesupport_introspection_c
[0.326s] -- Found rosidl_adapter: 2.2.2 (/opt/ros/galactic/share/rosidl_adapter/cmake)
[0.494s] -- Using all available rosidl_typesupport_cpp: rosidl_typesupport_fastrtps_cpp;rosidl_typesupport_introspection_cpp
[0.525s] -- Found std_msgs: 2.2.4 (/opt/ros/galactic/share/std_msgs/cmake)
[0.597s] -- Found PythonInterp: /usr/bin/python3 (found version "3.8.10") 
[0.805s] CMake Error at /opt/ros/galactic/share/rosidl_adapter/cmake/rosidl_adapt_interfaces.cmake:60 (message):
[0.805s]   execute_process(/usr/bin/python3 -m rosidl_adapter --package-name
[0.805s]   thrust_msgs --arguments-file
[0.805s]   /home/kevin/Documents/Thrust_Control/plot_ws/build/thrust_msgs/rosidl_adapter__arguments__thrust_msgs.json
[0.805s]   --output-dir
[0.805s]   /home/kevin/Documents/Thrust_Control/plot_ws/build/thrust_msgs/rosidl_adapter/thrust_msgs
[0.805s]   --output-file
[0.806s]   /home/kevin/Documents/Thrust_Control/plot_ws/build/thrust_msgs/rosidl_adapter/thrust_msgs.idls)
[0.806s]   returned error code 1:
[0.806s] 
[0.806s]   Error processing 'int mode' of 'thrust_msgs/Thrust': ''int' is an invalid
[0.806s]   message name.  It should have the pattern '^[A-Z][A-Za-z0-9]*$''
[0.806s] 
[0.806s]   Traceback (most recent call last):
[0.806s] 
[0.806s]     File "/usr/lib/python3.8/runpy.py", line 194, in _run_module_as_main
[0.807s]       return _run_code(code, main_globals, None,
[0.807s]     File "/usr/lib/python3.8/runpy.py", line 87, in _run_code
[0.807s]       exec(code, run_globals)
[0.807s]     File "/opt/ros/galactic/lib/python3.8/site-packages/rosidl_adapter/__main__.py", line 19, in <module>
[0.807s]       sys.exit(main())
[0.807s]     File "/opt/ros/galactic/lib/python3.8/site-packages/rosidl_adapter/main.py", line 53, in main
[0.807s]       abs_idl_file = convert_to_idl(
[0.807s]     File "/opt/ros/galactic/lib/python3.8/site-packages/rosidl_adapter/__init__.py", line 19, in convert_to_idl
[0.807s]       return convert_msg_to_idl(
[0.807s]     File "/opt/ros/galactic/lib/python3.8/site-packages/rosidl_adapter/msg/__init__.py", line 28, in convert_msg_to_idl
[0.808s]       msg = parse_message_string(package_name, input_file.stem, content)
[0.808s]     File "/opt/ros/galactic/lib/python3.8/site-packages/rosidl_adapter/parser.py", line 516, in parse_message_string
[0.808s]       Type(type_string, context_package_name=pkg_name),
[0.808s]     File "/opt/ros/galactic/lib/python3.8/site-packages/rosidl_adapter/parser.py", line 276, in __init__
[0.808s]       super(Type, self).__init__(
[0.808s]     File "/opt/ros/galactic/lib/python3.8/site-packages/rosidl_adapter/parser.py", line 204, in __init__
[0.808s]       raise InvalidResourceName(
[0.808s] 
[0.808s]   rosidl_adapter.parser.InvalidResourceName: 'int' is an invalid message
[0.808s]   name.  It should have the pattern '^[A-Z][A-Za-z0-9]*$'
[0.809s] 
[0.809s] Call Stack (most recent call first):
[0.809s]   /opt/ros/galactic/share/rosidl_cmake/cmake/rosidl_generate_interfaces.cmake:130 (rosidl_adapt_interfaces)
[0.809s]   CMakeLists.txt:28 (rosidl_generate_interfaces)
[0.809s] 
[0.809s] 
[0.809s] -- Configuring incomplete, errors occurred!
[0.809s] See also "/home/kevin/Documents/Thrust_Control/plot_ws/build/thrust_msgs/CMakeFiles/CMakeOutput.log".
[0.817s] make: *** [Makefile:748: cmake_check_build_system] Error 1
[0.820s] Invoked command in '/home/kevin/Documents/Thrust_Control/plot_ws/build/thrust_msgs' returned '2': CMAKE_PREFIX_PATH=${CMAKE_PREFIX_PATH}:/home/kevin/Documents/Thrust_Control/plot_ws/install/thrust_plot:/opt/ros/galactic /usr/bin/cmake --build /home/kevin/Documents/Thrust_Control/plot_ws/build/thrust_msgs -- -j8 -l8
